<?xml version="1.0" encoding="UTF-8"?>
<testsuite xmlns:xsi="http://www.w3.org/2001/XMLSchema-instance" xsi:noNamespaceSchemaLocation="https://maven.apache.org/surefire/maven-surefire-plugin/xsd/surefire-test-report-3.0.xsd" version="3.0" name="com.imrishuroy.rest.webservices.restfulwebservices.RestfulWebServicesApplicationTests" time="7.245" tests="1" errors="0" skipped="0" failures="0">
  <properties>
[...]
</properties>
  <testcase name="contextLoads" classname="com.imrishuroy.rest.webservices.restfulwebservices.RestfulWebServicesApplicationTests" time="0.874">
    <system-out><![CDATA[21:49:12.550 [main] INFO org.springframework.test.context.support.AnnotationConfigContextLoaderUtils -- Could not detect default configuration classes for test class [com.imrishuroy.rest.webservices.restfulwebservices.RestfulWebServicesApplicationTests]: RestfulWebServicesApplicationTests does not declare any static, non-private, non-final, nested classes annotated with @Configuration.
21:49:12.631 [main] INFO org.springframework.boot.test.context.SpringBootTestContextBootstrapper -- Found @SpringBootConfiguration com.imrishuroy.rest.webservices.restfulwebservices.RestfulWebServicesApplication for test class com.imrishuroy.rest.webservices.restfulwebservices.RestfulWebServicesApplicationTests
08-20 21:49:12 - c.i.r.w.r.RestfulWebServicesApplicationTests - Starting RestfulWebServicesApplicationTests using Java 17.0.6 with PID 21716 (started by RKU325 in C:\Users\RKU325\imrishu\Spring Boot\aws\rest-api-full-stack-h2)
08-20 21:49:12 - c.i.r.w.r.RestfulWebServicesApplicationTests - No active profile set, falling back to 1 default profile: "default"
08-20 21:49:13 - o.s.d.r.c.RepositoryConfigurationDelegate - Bootstrapping Spring Data JPA repositories in DEFAULT mode.
08-20 21:49:13 - o.s.d.r.c.RepositoryConfigurationDelegate - Finished Spring Data repository scanning in 56 ms. Found 1 JPA repository interfaces.
08-20 21:49:14 - com.zaxxer.hikari.HikariDataSource - HikariPool-1 - Starting...
08-20 21:49:14 - com.zaxxer.hikari.pool.HikariPool - HikariPool-1 - Added connection conn0: url=jdbc:h2:mem:testdb user=SA
08-20 21:49:14 - com.zaxxer.hikari.HikariDataSource - HikariPool-1 - Start completed.
08-20 21:49:14 - o.h.jpa.internal.util.LogHelper - HHH000204: Processing PersistenceUnitInfo [name: default]
08-20 21:49:14 - org.hibernate.Version - HHH000412: Hibernate ORM core version 6.2.5.Final
08-20 21:49:14 - org.hibernate.cfg.Environment - HHH000406: Using bytecode reflection optimizer
08-20 21:49:14 - o.h.b.i.BytecodeProviderInitiator - HHH000021: Bytecode provider name : bytebuddy
08-20 21:49:15 - o.s.o.j.p.SpringPersistenceUnitInfo - No LoadTimeWeaver setup: ignoring JPA class transformer
08-20 21:49:15 - o.h.b.i.BytecodeProviderInitiator - HHH000021: Bytecode provider name : bytebuddy
08-20 21:49:16 - o.h.e.t.j.p.i.JtaPlatformInitiator - HHH000490: Using JtaPlatform implementation: [org.hibernate.engine.transaction.jta.platform.internal.NoJtaPlatform]
08-20 21:49:16 - o.s.o.j.LocalContainerEntityManagerFactoryBean - Initialized JPA EntityManagerFactory for persistence unit 'default'
08-20 21:49:17 - o.s.b.a.o.j.JpaBaseConfiguration$JpaWebConfiguration - spring.jpa.open-in-view is enabled by default. Therefore, database queries may be performed during view rendering. Explicitly configure spring.jpa.open-in-view to disable this warning
08-20 21:49:18 - o.s.s.web.DefaultSecurityFilterChain - Will secure any request with [org.springframework.security.web.session.DisableEncodeUrlFilter@22ba30b0, org.springframework.security.web.context.request.async.WebAsyncManagerIntegrationFilter@22bca04e, org.springframework.security.web.context.SecurityContextHolderFilter@2604940, org.springframework.security.web.header.HeaderWriterFilter@5b49b1df, org.springframework.security.web.authentication.logout.LogoutFilter@33986be7, org.springframework.security.oauth2.server.resource.web.authentication.BearerTokenAuthenticationFilter@7da9b32c, org.springframework.security.web.authentication.www.BasicAuthenticationFilter@733e3c19, org.springframework.security.web.savedrequest.RequestCacheAwareFilter@470866d1, org.springframework.security.web.servletapi.SecurityContextHolderAwareRequestFilter@11267e87, org.springframework.security.web.authentication.AnonymousAuthenticationFilter@20608ef4, org.springframework.security.web.session.SessionManagementFilter@22a1d77b, org.springframework.security.web.access.ExceptionTranslationFilter@d7c00de, org.springframework.security.web.access.intercept.AuthorizationFilter@556e4588]
08-20 21:49:18 - c.i.r.w.r.RestfulWebServicesApplicationTests - Started RestfulWebServicesApplicationTests in 6.021 seconds (process running for 6.878)
]]></system-out>
  </testcase>
</testsuite>